<?xml version="1.0" encoding="UTF-8"?>
<testng-results ignored="0" total="1" passed="1" failed="0" skipped="0">
  <reporter-output>
  </reporter-output>
  <suite started-at="2023-12-03T21:45:47 MST" name="Default suite" finished-at="2023-12-03T21:46:24 MST" duration-ms="37042">
    <groups>
    </groups>
    <test started-at="2023-12-03T21:45:47 MST" name="Default test" finished-at="2023-12-03T21:46:24 MST" duration-ms="37042">
      <class name="appiumAutomation.theScore.OpenLeagueTest">
        <test-method signature="leagueTest()[pri:0, instance:appiumAutomation.theScore.OpenLeagueTest@5d0bf09b]" started-at="2023-12-03T21:45:47 MST" name="leagueTest" finished-at="2023-12-03T21:46:24 MST" duration-ms="36937" status="PASS">
          <reporter-output>
          </reporter-output>
        </test-method> <!-- leagueTest -->
      </class> <!-- appiumAutomation.theScore.OpenLeagueTest -->
    </test> <!-- Default test -->
  </suite> <!-- Default suite -->
</testng-results>
